{"message":"connected to mongodb://localhost:27017/mymarketplace-backend","level":"info"}
{"message":"connected to mongodb://localhost:27017/mymarketplace-backend","level":"info"}
{"message":"connected to mongodb://localhost:27017/mymarketplace-backend","level":"info"}
{"message":"connected to mongodb://localhost:27017/mymarketplace-backend","level":"info"}
{"message":"connected to mongodb://localhost:27017/mymarketplace-backend","level":"info"}
{"message":"connected to mongodb://localhost:27017/mymarketplace-backend","level":"info"}
{"message":"connected to mongodb://localhost:27017/mymarketplace-backend","level":"info"}
{"message":"connected to mongodb://localhost:27017/mymarketplace-backend","level":"info"}
{"message":"connected to mongodb://localhost:27017/mymarketplace-backend","level":"info"}
{"message":"connected to mongodb://localhost:27017/mymarketplace-backend","level":"info"}
{"message":"connected to mongodb://localhost:27017/mymarketplace-backend","level":"info"}
{"message":"connected to mongodb://localhost:27017/mymarketplace-backend","level":"info"}
{"message":"connected to mongodb://localhost:27017/mymarketplace-backend","level":"info"}
{"message":"connected to mongodb://localhost:27017/mymarketplace-backend","level":"info"}
{"message":"connected to mongodb://localhost:27017/mymarketplace-backend","level":"info"}
{"message":"connected to mongodb://localhost:27017/mymarketplace-backend","level":"info"}
{"message":"connected to mongodb://localhost:27017/mymarketplace-backend","level":"info"}
{"message":"connected to mongodb://localhost:27017/mymarketplace-backend","level":"info"}
{"message":"connected to mongodb://localhost:27017/mymarketplace-backend","level":"info"}
{"message":"connected to mongodb://localhost:27017/mymarketplace-backend","level":"info"}
{"message":"connected to mongodb://localhost:27017/mymarketplace-backend","level":"info"}
{"errorInfo":{"code":"auth/configuration-not-found","message":"There is no configuration corresponding to the provided identifier."},"codePrefix":"auth","level":"error","message":"Error creating new user: There is no configuration corresponding to the provided identifier.","stack":"Error: There is no configuration corresponding to the provided identifier.\n    at FirebaseAuthError.FirebaseError [as constructor] (/home/rguktongole/Music/ecomm/backend/node_modules/firebase-admin/lib/utils/error.js:44:28)\n    at FirebaseAuthError.PrefixedFirebaseError [as constructor] (/home/rguktongole/Music/ecomm/backend/node_modules/firebase-admin/lib/utils/error.js:90:28)\n    at new FirebaseAuthError (/home/rguktongole/Music/ecomm/backend/node_modules/firebase-admin/lib/utils/error.js:149:16)\n    at FirebaseAuthError.fromServerError (/home/rguktongole/Music/ecomm/backend/node_modules/firebase-admin/lib/utils/error.js:188:16)\n    at /home/rguktongole/Music/ecomm/backend/node_modules/firebase-admin/lib/auth/auth-api-request.js:1572:49\n    at process.processTicksAndRejections (node:internal/process/task_queues:95:5)"}
{"message":"connected to mongodb://localhost:27017/mymarketplace-backend","level":"info"}
{"level":"info","message":"Successfully created new user: "}
{"message":"connected to mongodb://localhost:27017/mymarketplace-backend","level":"info"}
{"message":"connected to mongodb://localhost:27017/mymarketplace-backend","level":"info"}
{"level":"info","message":"Successfully created new user: "}
{"level":"info","message":"Successfully created new user: "}
{"level":"info","message":"Successfully created new user: "}
{"message":"connected to mongodb://localhost:27017/mymarketplace-backend","level":"info"}
{"message":"connected to mongodb://localhost:27017/mymarketplace-backend","level":"info"}
{"message":"connected to mongodb://localhost:27017/mymarketplace-backend","level":"info"}
{"message":"connected to mongodb://localhost:27017/mymarketplace-backend","level":"info"}
{"message":"connected to mongodb://localhost:27017/mymarketplace-backend","level":"info"}
{"level":"info","message":"Successfully created new user: "}
{"message":"connected to mongodb://localhost:27017/mymarketplace-backend","level":"info"}
{"message":"connected to mongodb://localhost:27017/mymarketplace-backend","level":"info"}
{"message":"connected to mongodb://localhost:27017/mymarketplace-backend","level":"info"}
{"message":"connected to mongodb://localhost:27017/mymarketplace-backend","level":"info"}
{"message":"Error creating custom token:","level":"error"}
{"code":"ERR_HTTP_HEADERS_SENT","level":"error"}
{"level":"info","message":"Successfully created new user: "}
{"message":"connected to mongodb://localhost:27017/mymarketplace-backend","level":"info"}
{"message":"connected to mongodb://localhost:27017/mymarketplace-backend","level":"info"}
{"level":"info","message":"Successfully created new user: "}
{"message":"connected to mongodb://localhost:27017/mymarketplace-backend","level":"info"}
{"message":"connected to mongodb://localhost:27017/mymarketplace-backend","level":"info"}
{"message":"connected to mongodb://localhost:27017/mymarketplace-backend","level":"info"}
{"level":"info","message":"Successfully created new user: "}
{"message":"connected to mongodb://localhost:27017/mymarketplace-backend","level":"info"}
{"message":"connected to mongodb://localhost:27017/mymarketplace-backend","level":"info"}
{"message":"connected to mongodb://localhost:27017/mymarketplace-backend","level":"info"}
{"message":"connected to mongodb://localhost:27017/mymarketplace-backend","level":"info"}
{"message":"connected to mongodb://localhost:27017/mymarketplace-backend","level":"info"}
{"level":"info","message":"Successfully created new user: "}
{"message":"connected to mongodb://localhost:27017/mymarketplace-backend","level":"info"}
{"message":"connected to mongodb://localhost:27017/mymarketplace-backend","level":"info"}
{"message":"connected to mongodb://localhost:27017/mymarketplace-backend","level":"info"}
{"message":"connected to mongodb://localhost:27017/mymarketplace-backend","level":"info"}
{"message":"connected to mongodb://localhost:27017/mymarketplace-backend","level":"info"}
{"message":"connected to mongodb://localhost:27017/mymarketplace-backend","level":"info"}
{"message":"connected to mongodb://localhost:27017/mymarketplace-backend","level":"info"}
{"message":"connected to mongodb://localhost:27017/mymarketplace-backend","level":"info"}
{"message":"connected to mongodb://localhost:27017/mymarketplace-backend","level":"info"}
{"message":"connected to mongodb://localhost:27017/mymarketplace-backend","level":"info"}
{"message":"connected to mongodb://localhost:27017/mymarketplace-backend","level":"info"}
{"level":"info","message":"Successfully created new user: "}
{"level":"info","message":"Successfully created new user: "}
{"level":"info","message":"Successfully created new user: "}
{"message":"connected to mongodb://localhost:27017/mymarketplace-backend","level":"info"}
{"message":"connected to mongodb://localhost:27017/mymarketplace-backend","level":"info"}
{"message":"connected to mongodb://localhost:27017/mymarketplace-backend","level":"info"}
{"message":"connected to mongodb://localhost:27017/mymarketplace-backend","level":"info"}
{"message":"connected to mongodb://localhost:27017/mymarketplace-backend","level":"info"}
{"message":"connected to mongodb://localhost:27017/mymarketplace-backend","level":"info"}
{"message":"connected to mongodb://localhost:27017/mymarketplace-backend","level":"info"}
{"message":"connected to mongodb://localhost:27017/mymarketplace-backend","level":"info"}
{"message":"connected to mongodb://localhost:27017/mymarketplace-backend","level":"info"}
{"message":"connected to mongodb://localhost:27017/mymarketplace-backend","level":"info"}
{"message":"connected to mongodb://localhost:27017/mymarketplace-backend","level":"info"}
{"message":"connected to mongodb://localhost:27017/mymarketplace-backend","level":"info"}
{"message":"connected to mongodb://localhost:27017/mymarketplace-backend","level":"info"}
{"message":"connected to mongodb://localhost:27017/mymarketplace-backend","level":"info"}
{"message":"connected to mongodb://localhost:27017/mymarketplace-backend","level":"info"}
{"message":"connected to mongodb://localhost:27017/mymarketplace-backend","level":"info"}
{"message":"connected to mongodb://localhost:27017/mymarketplace-backend","level":"info"}
{"message":"connected to mongodb://localhost:27017/mymarketplace-backend","level":"info"}
{"message":"connected to mongodb://localhost:27017/mymarketplace-backend","level":"info"}
{"message":"connected to mongodb://localhost:27017/mymarketplace-backend","level":"info"}
{"message":"connected to mongodb://localhost:27017/mymarketplace-backend","level":"info"}
{"message":"connected to mongodb://localhost:27017/mymarketplace-backend","level":"info"}
{"message":"connected to mongodb://localhost:27017/mymarketplace-backend","level":"info"}
{"message":"connected to mongodb://localhost:27017/mymarketplace-backend","level":"info"}
{"message":"connected to mongodb://localhost:27017/mymarketplace-backend","level":"info"}
{"message":"connected to mongodb://localhost:27017/mymarketplace-backend","level":"info"}
{"message":"connected to mongodb://localhost:27017/mymarketplace-backend","level":"info"}
{"message":"connected to mongodb://localhost:27017/mymarketplace-backend","level":"info"}
{"message":"connected to mongodb://localhost:27017/mymarketplace-backend","level":"info"}
{"message":"connected to mongodb://localhost:27017/mymarketplace-backend","level":"info"}
{"message":"connected to mongodb://localhost:27017/mymarketplace-backend","level":"info"}
{"message":"connected to mongodb://localhost:27017/mymarketplace-backend","level":"info"}
{"message":"connected to mongodb://localhost:27017/mymarketplace-backend","level":"info"}
{"message":"connected to mongodb://localhost:27017/mymarketplace-backend","level":"info"}
{"message":"connected to mongodb://localhost:27017/mymarketplace-backend","level":"info"}
{"message":"connected to mongodb://localhost:27017/mymarketplace-backend","level":"info"}
{"message":"connected to mongodb://localhost:27017/mymarketplace-backend","level":"info"}
{"message":"connected to mongodb://localhost:27017/mymarketplace-backend","level":"info"}
{"message":"connected to mongodb://localhost:27017/mymarketplace-backend","level":"info"}
{"message":"connected to mongodb://localhost:27017/mymarketplace-backend","level":"info"}
{"message":"connected to mongodb://localhost:27017/mymarketplace-backend","level":"info"}
{"message":"connected to mongodb://localhost:27017/mymarketplace-backend","level":"info"}
{"message":"connected to mongodb://localhost:27017/mymarketplace-backend","level":"info"}
{"message":"connected to mongodb://localhost:27017/mymarketplace-backend","level":"info"}
{"message":"connected to mongodb://localhost:27017/mymarketplace-backend","level":"info"}
{"message":"connected to mongodb://localhost:27017/mymarketplace-backend","level":"info"}
{"message":"connected to mongodb://localhost:27017/mymarketplace-backend","level":"info"}
{"message":"connected to mongodb://localhost:27017/mymarketplace-backend","level":"info"}
{"message":"connected to mongodb://localhost:27017/mymarketplace-backend","level":"info"}
{"message":"connected to mongodb://localhost:27017/mymarketplace-backend","level":"info"}
{"message":"connected to mongodb://localhost:27017/mymarketplace-backend","level":"info"}
{"message":"connected to mongodb://localhost:27017/mymarketplace-backend","level":"info"}
{"message":"connected to mongodb://localhost:27017/mymarketplace-backend","level":"info"}
{"message":"connected to mongodb://localhost:27017/mymarketplace-backend","level":"info"}
{"message":"connected to mongodb://localhost:27017/mymarketplace-backend","level":"info"}
{"message":"connected to mongodb://localhost:27017/mymarketplace-backend","level":"info"}
{"message":"connected to mongodb://localhost:27017/mymarketplace-backend","level":"info"}
{"message":"connected to mongodb://localhost:27017/mymarketplace-backend","level":"info"}
{"message":"connected to mongodb://localhost:27017/mymarketplace-backend","level":"info"}
{"message":"connected to mongodb://localhost:27017/mymarketplace-backend","level":"info"}
{"message":"connected to mongodb://localhost:27017/mymarketplace-backend","level":"info"}
{"message":"connected to mongodb://localhost:27017/mymarketplace-backend","level":"info"}
{"level":"info","message":"Successfully created new user: "}
{"message":"connected to mongodb://localhost:27017/mymarketplace-backend","level":"info"}
{"message":"connected to mongodb://localhost:27017/mymarketplace-backend","level":"info"}
{"message":"connected to mongodb://localhost:27017/mymarketplace-backend","level":"info"}
{"message":"connected to mongodb://localhost:27017/mymarketplace-backend","level":"info"}
{"message":"connected to mongodb://localhost:27017/mymarketplace-backend","level":"info"}
{"message":"connected to mongodb://localhost:27017/mymarketplace-backend","level":"info"}
{"level":"info","message":"Successfully created new user: "}
{"level":"info","message":"Successfully created new user: "}
{"message":"connected to mongodb://localhost:27017/mymarketplace-backend","level":"info"}
{"level":"info","message":"Successfully created new user: "}
{"level":"info","message":"Successfully created new user: "}
{"level":"info","message":"Successfully created new user: "}
{"level":"info","message":"Successfully created new user: "}
{"message":"connected to mongodb://localhost:27017/mymarketplace-backend","level":"info"}
{"message":"connected to mongodb://localhost:27017/mymarketplace-backend","level":"info"}
{"message":"connected to mongodb://localhost:27017/mymarketplace-backend","level":"info"}
{"message":"connected to mongodb://localhost:27017/mymarketplace-backend","level":"info"}
{"message":"connected to mongodb://localhost:27017/mymarketplace-backend","level":"info"}
{"message":"connected to mongodb://localhost:27017/mymarketplace-backend","level":"info"}
{"message":"connected to mongodb://localhost:27017/mymarketplace-backend","level":"info"}
{"message":"connected to mongodb://localhost:27017/mymarketplace-backend","level":"info"}
{"message":"connected to mongodb://localhost:27017/mymarketplace-backend","level":"info"}
{"level":"info","message":"Successfully created new user: "}
{"level":"info","message":"Successfully created new user: "}
{"level":"info","message":"Successfully created new user: "}
{"level":"info","message":"Successfully created new user: "}
{"level":"info","message":"Successfully created new user: "}
{"level":"info","message":"Successfully created new user: "}
{"message":"connected to mongodb://localhost:27017/mymarketplace-backend","level":"info"}
{"message":"connected to mongodb://localhost:27017/mymarketplace-backend","level":"info"}
{"message":"connected to mongodb://localhost:27017/mymarketplace-backend","level":"info"}
{"message":"connected to mongodb://localhost:27017/mymarketplace-backend","level":"info"}
{"message":"connected to mongodb://localhost:27017/mymarketplace-backend","level":"info"}
{"message":"connected to mongodb://localhost:27017/mymarketplace-backend","level":"info"}
